<?xml version="1.0" encoding="UTF-8"?>
<!-- Generated by org.testng.reporters.JUnitXMLReporter -->
<testsuite hostname="DESKTOP-3GNVT0U" ignored="0" name="Default test" tests="2" failures="0" timestamp="18 Jan 2021 09:21:33 GMT" time="128.972" errors="0">
  <testcase name="employee_invalid_validations" time="46.883" classname="com.qa.nsprocess.EmployeeCreation"/>
  <testcase name="employee_validations" time="43.711" classname="com.qa.nsprocess.EmployeeCreation"/>
</testsuite> <!-- Default test -->
