<?xml version="1.0" encoding="UTF-8"?>
<!-- Generated by org.testng.reporters.JUnitXMLReporter -->
<testsuite hostname="DESKTOP-3GNVT0U" ignored="0" name="Default test" tests="2" failures="0" timestamp="20 Jan 2021 15:30:53 GMT" time="347.86" errors="0">
  <testcase name="Expense_report_creation" time="251.126" classname="com.qa.nsprocess.ExpenseReport"/>
  <testcase name="expense_report_validation_using_invalid_data" time="36.63" classname="com.qa.nsprocess.ExpenseReport"/>
</testsuite> <!-- Default test -->
