<?xml version="1.0" encoding="UTF-8"?>
<testng-results skipped="0" failed="0" ignored="0" total="1" passed="1">
  <reporter-output>
  </reporter-output>
  <suite name="Default suite" duration-ms="121383" started-at="2021-01-21T17:35:41Z" finished-at="2021-01-21T17:37:43Z">
    <groups>
    </groups>
    <test name="Default test" duration-ms="121383" started-at="2021-01-21T17:35:41Z" finished-at="2021-01-21T17:37:43Z">
      <class name="com.qa.nsprocess.EmployeeCreation">
        <test-method status="PASS" signature="setExtent()[pri:0, instance:com.qa.nsprocess.EmployeeCreation@6adede5]" name="setExtent" is-config="true" duration-ms="251" started-at="2021-01-21T17:35:41Z" finished-at="2021-01-21T17:35:42Z">
          <reporter-output>
          </reporter-output>
        </test-method> <!-- setExtent -->
        <test-method status="PASS" signature="setUp()[pri:0, instance:com.qa.nsprocess.EmployeeCreation@6adede5]" name="setUp" is-config="true" duration-ms="17410" started-at="2021-01-21T17:35:42Z" finished-at="2021-01-21T17:35:59Z">
          <reporter-output>
          </reporter-output>
        </test-method> <!-- setUp -->
        <test-method status="PASS" signature="employee_validations()[pri:0, instance:com.qa.nsprocess.EmployeeCreation@6adede5]" name="employee_validations" duration-ms="97756" started-at="2021-01-21T17:35:59Z" finished-at="2021-01-21T17:37:37Z">
          <reporter-output>
          </reporter-output>
        </test-method> <!-- employee_validations -->
        <test-method status="PASS" signature="tearDown(org.testng.ITestResult)[pri:0, instance:com.qa.nsprocess.EmployeeCreation@6adede5]" name="tearDown" is-config="true" duration-ms="784" started-at="2021-01-21T17:37:37Z" finished-at="2021-01-21T17:37:38Z">
          <params>
            <param index="0">
              <value>
                <![CDATA[[TestResult name=employee_validations status=SUCCESS method=EmployeeCreation.employee_validations()[pri:0, instance:com.qa.nsprocess.EmployeeCreation@6adede5] output={null}]]]>
              </value>
            </param>
          </params>
          <reporter-output>
          </reporter-output>
        </test-method> <!-- tearDown -->
        <test-method status="PASS" signature="endReport()[pri:0, instance:com.qa.nsprocess.EmployeeCreation@6adede5]" name="endReport" is-config="true" duration-ms="5151" started-at="2021-01-21T17:37:38Z" finished-at="2021-01-21T17:37:43Z">
          <reporter-output>
          </reporter-output>
        </test-method> <!-- endReport -->
      </class> <!-- com.qa.nsprocess.EmployeeCreation -->
    </test> <!-- Default test -->
  </suite> <!-- Default suite -->
</testng-results>
